{"uid":"6113259ab7eabaee","name":"Add user","fullName":"tests.search_user_test.TestProfileFeature#test_search_user","historyId":"426278c0a9a312e711f3c04ca645dc76","time":{"start":1721041948164,"stop":1721041962891,"duration":14727},"status":"broken","statusMessage":"selenium.common.exceptions.TimeoutException: Message: Не найден элемент с локатором ('xpath', \"//div[@class='oxd-form-row']//input[@class='oxd-input oxd-input--active']\")","statusTrace":"self = <search_user_test.TestProfileFeature object at 0x7fca6ae4c770>\n\n    @allure.title(\"Add user\")\n    @allure.severity(\"Critical\")\n    def test_search_user(self):\n        self.login_page.open()\n        self.login_page.enter_login(self.data.LOGIN)\n        self.login_page.enter_password(self.data.PASSWORD)\n        self.login_page.click_submit_button()\n        self.dashboard_page.is_opened()\n        self.dashboard_page.click_admin_menu()\n        self.admin_page.is_opened()\n>       self.admin_page.fill_value_username()\n\ntests/search_user_test.py:18: \n_ _ _ _ _ _ _ _ _ _ _ _ _ _ _ _ _ _ _ _ _ _ _ _ _ _ _ _ _ _ _ _ _ _ _ _ _ _ _ _ \npages/admin_page.py:14: in fill_value_username\n    self.find_element(AdminPageLocators.USER_NAME_INPUT).send_keys(\"FMLName\")\nbase/base_page.py:77: in find_element\n    web_element = wait.until(EC.visibility_of_element_located(by_locator),\n_ _ _ _ _ _ _ _ _ _ _ _ _ _ _ _ _ _ _ _ _ _ _ _ _ _ _ _ _ _ _ _ _ _ _ _ _ _ _ _ \n\nself = <selenium.webdriver.support.wait.WebDriverWait (session=\"8ffa1b4a6faf2a89d91e668e947ecf8d\")>\nmethod = <function visibility_of_element_located.<locals>._predicate at 0x7fca69dce840>\nmessage = 'Не найден элемент с локатором (\\'xpath\\', \"//div[@class=\\'oxd-form-row\\']//input[@class=\\'oxd-input oxd-input--active\\']\")'\n\n    def until(self, method: Callable[[D], Union[Literal[False], T]], message: str = \"\") -> T:\n        \"\"\"Calls the method provided with the driver as an argument until the \\\n        return value does not evaluate to ``False``.\n    \n        :param method: callable(WebDriver)\n        :param message: optional message for :exc:`TimeoutException`\n        :returns: the result of the last call to `method`\n        :raises: :exc:`selenium.common.exceptions.TimeoutException` if timeout occurs\n        \"\"\"\n        screen = None\n        stacktrace = None\n    \n        end_time = time.monotonic() + self._timeout\n        while True:\n            try:\n                value = method(self._driver)\n                if value:\n                    return value\n            except self._ignored_exceptions as exc:\n                screen = getattr(exc, \"screen\", None)\n                stacktrace = getattr(exc, \"stacktrace\", None)\n            time.sleep(self._poll)\n            if time.monotonic() > end_time:\n                break\n>       raise TimeoutException(message, screen, stacktrace)\nE       selenium.common.exceptions.TimeoutException: Message: Не найден элемент с локатором ('xpath', \"//div[@class='oxd-form-row']//input[@class='oxd-input oxd-input--active']\")\n\n../local/lib/python3.12/site-packages/selenium/webdriver/support/wait.py:105: TimeoutException","flaky":false,"newFailed":false,"newBroken":false,"newPassed":false,"retriesCount":0,"retriesStatusChange":false,"beforeStages":[{"name":"_session_faker","time":{"start":1721041881333,"stop":1721041881399,"duration":66},"status":"passed","steps":[],"attachments":[],"parameters":[],"shouldDisplayMessage":false,"attachmentsCount":0,"stepsCount":0,"hasContent":false,"attachmentStep":false},{"name":"driver","time":{"start":1721041947827,"stop":1721041948164,"duration":337},"status":"passed","steps":[],"attachments":[],"parameters":[],"shouldDisplayMessage":false,"attachmentsCount":0,"stepsCount":0,"hasContent":false,"attachmentStep":false},{"name":"setup","time":{"start":1721041948164,"stop":1721041948164,"duration":0},"status":"passed","steps":[],"attachments":[],"parameters":[],"shouldDisplayMessage":false,"attachmentsCount":0,"stepsCount":0,"hasContent":false,"attachmentStep":false}],"testStage":{"status":"broken","statusMessage":"selenium.common.exceptions.TimeoutException: Message: Не найден элемент с локатором ('xpath', \"//div[@class='oxd-form-row']//input[@class='oxd-input oxd-input--active']\")","statusTrace":"self = <search_user_test.TestProfileFeature object at 0x7fca6ae4c770>\n\n    @allure.title(\"Add user\")\n    @allure.severity(\"Critical\")\n    def test_search_user(self):\n        self.login_page.open()\n        self.login_page.enter_login(self.data.LOGIN)\n        self.login_page.enter_password(self.data.PASSWORD)\n        self.login_page.click_submit_button()\n        self.dashboard_page.is_opened()\n        self.dashboard_page.click_admin_menu()\n        self.admin_page.is_opened()\n>       self.admin_page.fill_value_username()\n\ntests/search_user_test.py:18: \n_ _ _ _ _ _ _ _ _ _ _ _ _ _ _ _ _ _ _ _ _ _ _ _ _ _ _ _ _ _ _ _ _ _ _ _ _ _ _ _ \npages/admin_page.py:14: in fill_value_username\n    self.find_element(AdminPageLocators.USER_NAME_INPUT).send_keys(\"FMLName\")\nbase/base_page.py:77: in find_element\n    web_element = wait.until(EC.visibility_of_element_located(by_locator),\n_ _ _ _ _ _ _ _ _ _ _ _ _ _ _ _ _ _ _ _ _ _ _ _ _ _ _ _ _ _ _ _ _ _ _ _ _ _ _ _ \n\nself = <selenium.webdriver.support.wait.WebDriverWait (session=\"8ffa1b4a6faf2a89d91e668e947ecf8d\")>\nmethod = <function visibility_of_element_located.<locals>._predicate at 0x7fca69dce840>\nmessage = 'Не найден элемент с локатором (\\'xpath\\', \"//div[@class=\\'oxd-form-row\\']//input[@class=\\'oxd-input oxd-input--active\\']\")'\n\n    def until(self, method: Callable[[D], Union[Literal[False], T]], message: str = \"\") -> T:\n        \"\"\"Calls the method provided with the driver as an argument until the \\\n        return value does not evaluate to ``False``.\n    \n        :param method: callable(WebDriver)\n        :param message: optional message for :exc:`TimeoutException`\n        :returns: the result of the last call to `method`\n        :raises: :exc:`selenium.common.exceptions.TimeoutException` if timeout occurs\n        \"\"\"\n        screen = None\n        stacktrace = None\n    \n        end_time = time.monotonic() + self._timeout\n        while True:\n            try:\n                value = method(self._driver)\n                if value:\n                    return value\n            except self._ignored_exceptions as exc:\n                screen = getattr(exc, \"screen\", None)\n                stacktrace = getattr(exc, \"stacktrace\", None)\n            time.sleep(self._poll)\n            if time.monotonic() > end_time:\n                break\n>       raise TimeoutException(message, screen, stacktrace)\nE       selenium.common.exceptions.TimeoutException: Message: Не найден элемент с локатором ('xpath', \"//div[@class='oxd-form-row']//input[@class='oxd-input oxd-input--active']\")\n\n../local/lib/python3.12/site-packages/selenium/webdriver/support/wait.py:105: TimeoutException","steps":[{"name":"Open https://opensource-demo.orangehrmlive.com/web/index.php/auth/login page","time":{"start":1721041948164,"stop":1721041949513,"duration":1349},"status":"passed","steps":[],"attachments":[],"parameters":[],"shouldDisplayMessage":false,"attachmentsCount":0,"stepsCount":0,"hasContent":false,"attachmentStep":false},{"name":"Enter login","time":{"start":1721041949513,"stop":1721041950069,"duration":556},"status":"passed","steps":[{"name":"Waits for the element to be clickable","time":{"start":1721041949513,"stop":1721041950043,"duration":530},"status":"passed","steps":[],"attachments":[],"parameters":[],"shouldDisplayMessage":false,"attachmentsCount":0,"stepsCount":0,"hasContent":false,"attachmentStep":false}],"attachments":[],"parameters":[{"name":"login","value":"'Admin'"}],"shouldDisplayMessage":false,"attachmentsCount":0,"stepsCount":1,"hasContent":true,"attachmentStep":false},{"name":"Enter password","time":{"start":1721041950069,"stop":1721041950137,"duration":68},"status":"passed","steps":[{"name":"Waits for the element to be clickable","time":{"start":1721041950069,"stop":1721041950092,"duration":23},"status":"passed","steps":[],"attachments":[],"parameters":[],"shouldDisplayMessage":false,"attachmentsCount":0,"stepsCount":0,"hasContent":false,"attachmentStep":false}],"attachments":[],"parameters":[{"name":"password","value":"'admin123'"}],"shouldDisplayMessage":false,"attachmentsCount":0,"stepsCount":1,"hasContent":true,"attachmentStep":false},{"name":"Click submit button","time":{"start":1721041950137,"stop":1721041950180,"duration":43},"status":"passed","steps":[{"name":"Waits for the element to be clickable","time":{"start":1721041950137,"stop":1721041950158,"duration":21},"status":"passed","steps":[],"attachments":[],"parameters":[],"shouldDisplayMessage":false,"attachmentsCount":0,"stepsCount":0,"hasContent":false,"attachmentStep":false}],"attachments":[],"parameters":[],"shouldDisplayMessage":false,"attachmentsCount":0,"stepsCount":1,"hasContent":true,"attachmentStep":false},{"name":"Page https://opensource-demo.orangehrmlive.com/web/index.php/dashboard/index is opened","time":{"start":1721041950180,"stop":1721041951093,"duration":913},"status":"passed","steps":[],"attachments":[],"parameters":[],"shouldDisplayMessage":false,"attachmentsCount":0,"stepsCount":0,"hasContent":false,"attachmentStep":false},{"name":"Click on  'Admin' link","time":{"start":1721041951094,"stop":1721041952781,"duration":1687},"status":"passed","steps":[],"attachments":[],"parameters":[],"shouldDisplayMessage":false,"attachmentsCount":0,"stepsCount":0,"hasContent":false,"attachmentStep":false},{"name":"Page https://opensource-demo.orangehrmlive.com/web/index.php/admin/viewSystemUsers is opened","time":{"start":1721041952781,"stop":1721041952783,"duration":2},"status":"passed","steps":[],"attachments":[],"parameters":[],"shouldDisplayMessage":false,"attachmentsCount":0,"stepsCount":0,"hasContent":false,"attachmentStep":false},{"name":"Fill value username","time":{"start":1721041952784,"stop":1721041962890,"duration":10106},"status":"broken","statusMessage":"selenium.common.exceptions.TimeoutException: Message: Не найден элемент с локатором ('xpath', \"//div[@class='oxd-form-row']//input[@class='oxd-input oxd-input--active']\")\n\n","statusTrace":"  File \"/usr/local/lib/python3.12/site-packages/allure_commons/_allure.py\", line 192, in impl\n    return func(*a, **kw)\n           ^^^^^^^^^^^^^^\n  File \"/usr/workspace/pages/admin_page.py\", line 14, in fill_value_username\n    self.find_element(AdminPageLocators.USER_NAME_INPUT).send_keys(\"FMLName\")\n    ^^^^^^^^^^^^^^^^^^^^^^^^^^^^^^^^^^^^^^^^^^^^^^^^^^^^\n  File \"/usr/workspace/base/base_page.py\", line 77, in find_element\n    web_element = wait.until(EC.visibility_of_element_located(by_locator),\n                  ^^^^^^^^^^^^^^^^^^^^^^^^^^^^^^^^^^^^^^^^^^^^^^^^^^^^^^^^\n  File \"/usr/local/lib/python3.12/site-packages/selenium/webdriver/support/wait.py\", line 105, in until\n    raise TimeoutException(message, screen, stacktrace)\n","steps":[],"attachments":[],"parameters":[],"shouldDisplayMessage":true,"attachmentsCount":0,"stepsCount":0,"hasContent":true,"attachmentStep":false}],"attachments":[],"parameters":[],"shouldDisplayMessage":true,"attachmentsCount":0,"stepsCount":11,"hasContent":true,"attachmentStep":false},"afterStages":[{"name":"driver::0","time":{"start":1721041962927,"stop":1721041962986,"duration":59},"status":"passed","steps":[],"attachments":[],"parameters":[],"shouldDisplayMessage":false,"attachmentsCount":0,"stepsCount":0,"hasContent":false,"attachmentStep":false}],"labels":[{"name":"feature","value":"Add user functioanality"},{"name":"severity","value":"Critical"},{"name":"parentSuite","value":"tests"},{"name":"suite","value":"search_user_test"},{"name":"subSuite","value":"TestProfileFeature"},{"name":"host","value":"363990dd34ee"},{"name":"thread","value":"1-MainThread"},{"name":"framework","value":"pytest"},{"name":"language","value":"cpython3"},{"name":"package","value":"tests.search_user_test"},{"name":"resultFormat","value":"allure2"}],"parameters":[],"links":[],"hidden":false,"retry":false,"extra":{"severity":"critical","retries":[],"categories":[{"name":"Test defects","matchedStatuses":[],"flaky":false}],"history":{"statistic":{"failed":0,"broken":4,"skipped":0,"passed":0,"unknown":0,"total":4},"items":[{"uid":"cd7e37ede10d93d1","status":"broken","statusDetails":"selenium.common.exceptions.TimeoutException: Message: Не найден элемент с локатором ('xpath', \"//div[@class='oxd-form-row']//input[@class='oxd-input oxd-input--active']\")","time":{"start":1721041583392,"stop":1721041598370,"duration":14978}},{"uid":"4d6c9ee8e113ba36","status":"broken","statusDetails":"selenium.common.exceptions.TimeoutException: Message: Не найден элемент с локатором ('xpath', \"//div[@class='oxd-form-row']//input[@class='oxd-input oxd-input--active']\")","time":{"start":1721041434271,"stop":1721041449609,"duration":15338}},{"uid":"bdbf49d12d2919c5","status":"broken","statusDetails":"selenium.common.exceptions.TimeoutException: Message:","time":{"start":1721040973183,"stop":1721040986359,"duration":13176}}]},"tags":[]},"source":"6113259ab7eabaee.json","parameterValues":[]}