{"uid":"a33f9f221096a071","name":"Navigete mouse on menu","fullName":"tests.navigate_mouse_on_menu_test.TestMouseNavigateOnMenu#test_navigate_on_menu","historyId":"1617374fad729c2510571173157939fd","time":{"start":1721040958410,"stop":1721040972777,"duration":14367},"status":"broken","statusMessage":"selenium.common.exceptions.TimeoutException: Message: Не найден элемент с локатором ('xpath', \"//span[text()='My Info']\")","statusTrace":"self = <navigate_mouse_on_menu_test.TestMouseNavigateOnMenu object at 0x7f9cd3071d60>\n\n    @allure.title(\"Navigete mouse on menu\")\n    @allure.severity(\"Low\")\n    def test_navigate_on_menu(self):\n        self.login_page.open()\n        self.login_page.is_opened()\n        self.login_page.enter_login(self.data.LOGIN)\n        self.login_page.enter_password(self.data.PASSWORD)\n        self.login_page.click_submit_button()\n        self.dashboard_page.is_opened()\n        self.dashboard_page.navigate_on_pim()\n>       self.dashboard_page.navigate_on_my_info()\n\ntests/navigate_mouse_on_menu_test.py:20: \n_ _ _ _ _ _ _ _ _ _ _ _ _ _ _ _ _ _ _ _ _ _ _ _ _ _ _ _ _ _ _ _ _ _ _ _ _ _ _ _ \npages/dashboard_page.py:31: in navigate_on_my_info\n    self.find_element(DashboardPageLocators.MY_INFO_SPAN)\nbase/base_page.py:77: in find_element\n    web_element = wait.until(EC.visibility_of_element_located(by_locator),\n_ _ _ _ _ _ _ _ _ _ _ _ _ _ _ _ _ _ _ _ _ _ _ _ _ _ _ _ _ _ _ _ _ _ _ _ _ _ _ _ \n\nself = <selenium.webdriver.support.wait.WebDriverWait (session=\"9acdc83092bc1f69be9cb7ad1a13994e\")>\nmethod = <function visibility_of_element_located.<locals>._predicate at 0x7f9ccf143740>\nmessage = 'Не найден элемент с локатором (\\'xpath\\', \"//span[text()=\\'My Info\\']\")'\n\n    def until(self, method: Callable[[D], Union[Literal[False], T]], message: str = \"\") -> T:\n        \"\"\"Calls the method provided with the driver as an argument until the \\\n        return value does not evaluate to ``False``.\n    \n        :param method: callable(WebDriver)\n        :param message: optional message for :exc:`TimeoutException`\n        :returns: the result of the last call to `method`\n        :raises: :exc:`selenium.common.exceptions.TimeoutException` if timeout occurs\n        \"\"\"\n        screen = None\n        stacktrace = None\n    \n        end_time = time.monotonic() + self._timeout\n        while True:\n            try:\n                value = method(self._driver)\n                if value:\n                    return value\n            except self._ignored_exceptions as exc:\n                screen = getattr(exc, \"screen\", None)\n                stacktrace = getattr(exc, \"stacktrace\", None)\n            time.sleep(self._poll)\n            if time.monotonic() > end_time:\n                break\n>       raise TimeoutException(message, screen, stacktrace)\nE       selenium.common.exceptions.TimeoutException: Message: Не найден элемент с локатором ('xpath', \"//span[text()='My Info']\")\n\n../local/lib/python3.12/site-packages/selenium/webdriver/support/wait.py:105: TimeoutException","flaky":false,"newFailed":false,"newBroken":false,"newPassed":false,"retriesCount":0,"retriesStatusChange":false,"beforeStages":[{"name":"_session_faker","time":{"start":1721040893348,"stop":1721040893416,"duration":68},"status":"passed","steps":[],"attachments":[],"parameters":[],"shouldDisplayMessage":false,"attachmentsCount":0,"stepsCount":0,"hasContent":false,"attachmentStep":false},{"name":"driver","time":{"start":1721040958074,"stop":1721040958409,"duration":335},"status":"passed","steps":[],"attachments":[],"parameters":[],"shouldDisplayMessage":false,"attachmentsCount":0,"stepsCount":0,"hasContent":false,"attachmentStep":false},{"name":"setup","time":{"start":1721040958409,"stop":1721040958409,"duration":0},"status":"passed","steps":[],"attachments":[],"parameters":[],"shouldDisplayMessage":false,"attachmentsCount":0,"stepsCount":0,"hasContent":false,"attachmentStep":false}],"testStage":{"status":"broken","statusMessage":"selenium.common.exceptions.TimeoutException: Message: Не найден элемент с локатором ('xpath', \"//span[text()='My Info']\")","statusTrace":"self = <navigate_mouse_on_menu_test.TestMouseNavigateOnMenu object at 0x7f9cd3071d60>\n\n    @allure.title(\"Navigete mouse on menu\")\n    @allure.severity(\"Low\")\n    def test_navigate_on_menu(self):\n        self.login_page.open()\n        self.login_page.is_opened()\n        self.login_page.enter_login(self.data.LOGIN)\n        self.login_page.enter_password(self.data.PASSWORD)\n        self.login_page.click_submit_button()\n        self.dashboard_page.is_opened()\n        self.dashboard_page.navigate_on_pim()\n>       self.dashboard_page.navigate_on_my_info()\n\ntests/navigate_mouse_on_menu_test.py:20: \n_ _ _ _ _ _ _ _ _ _ _ _ _ _ _ _ _ _ _ _ _ _ _ _ _ _ _ _ _ _ _ _ _ _ _ _ _ _ _ _ \npages/dashboard_page.py:31: in navigate_on_my_info\n    self.find_element(DashboardPageLocators.MY_INFO_SPAN)\nbase/base_page.py:77: in find_element\n    web_element = wait.until(EC.visibility_of_element_located(by_locator),\n_ _ _ _ _ _ _ _ _ _ _ _ _ _ _ _ _ _ _ _ _ _ _ _ _ _ _ _ _ _ _ _ _ _ _ _ _ _ _ _ \n\nself = <selenium.webdriver.support.wait.WebDriverWait (session=\"9acdc83092bc1f69be9cb7ad1a13994e\")>\nmethod = <function visibility_of_element_located.<locals>._predicate at 0x7f9ccf143740>\nmessage = 'Не найден элемент с локатором (\\'xpath\\', \"//span[text()=\\'My Info\\']\")'\n\n    def until(self, method: Callable[[D], Union[Literal[False], T]], message: str = \"\") -> T:\n        \"\"\"Calls the method provided with the driver as an argument until the \\\n        return value does not evaluate to ``False``.\n    \n        :param method: callable(WebDriver)\n        :param message: optional message for :exc:`TimeoutException`\n        :returns: the result of the last call to `method`\n        :raises: :exc:`selenium.common.exceptions.TimeoutException` if timeout occurs\n        \"\"\"\n        screen = None\n        stacktrace = None\n    \n        end_time = time.monotonic() + self._timeout\n        while True:\n            try:\n                value = method(self._driver)\n                if value:\n                    return value\n            except self._ignored_exceptions as exc:\n                screen = getattr(exc, \"screen\", None)\n                stacktrace = getattr(exc, \"stacktrace\", None)\n            time.sleep(self._poll)\n            if time.monotonic() > end_time:\n                break\n>       raise TimeoutException(message, screen, stacktrace)\nE       selenium.common.exceptions.TimeoutException: Message: Не найден элемент с локатором ('xpath', \"//span[text()='My Info']\")\n\n../local/lib/python3.12/site-packages/selenium/webdriver/support/wait.py:105: TimeoutException","steps":[{"name":"Open https://opensource-demo.orangehrmlive.com/web/index.php/auth/login page","time":{"start":1721040958410,"stop":1721040959832,"duration":1422},"status":"passed","steps":[],"attachments":[],"parameters":[],"shouldDisplayMessage":false,"attachmentsCount":0,"stepsCount":0,"hasContent":false,"attachmentStep":false},{"name":"Page https://opensource-demo.orangehrmlive.com/web/index.php/auth/login is opened","time":{"start":1721040959832,"stop":1721040959835,"duration":3},"status":"passed","steps":[],"attachments":[],"parameters":[],"shouldDisplayMessage":false,"attachmentsCount":0,"stepsCount":0,"hasContent":false,"attachmentStep":false},{"name":"Enter login","time":{"start":1721040959835,"stop":1721040960389,"duration":554},"status":"passed","steps":[{"name":"Waits for the element to be clickable","time":{"start":1721040959835,"stop":1721040960364,"duration":529},"status":"passed","steps":[],"attachments":[],"parameters":[],"shouldDisplayMessage":false,"attachmentsCount":0,"stepsCount":0,"hasContent":false,"attachmentStep":false}],"attachments":[],"parameters":[{"name":"login","value":"'Admin'"}],"shouldDisplayMessage":false,"attachmentsCount":0,"stepsCount":1,"hasContent":true,"attachmentStep":false},{"name":"Enter password","time":{"start":1721040960390,"stop":1721040960458,"duration":68},"status":"passed","steps":[{"name":"Waits for the element to be clickable","time":{"start":1721040960390,"stop":1721040960412,"duration":22},"status":"passed","steps":[],"attachments":[],"parameters":[],"shouldDisplayMessage":false,"attachmentsCount":0,"stepsCount":0,"hasContent":false,"attachmentStep":false}],"attachments":[],"parameters":[{"name":"password","value":"'admin123'"}],"shouldDisplayMessage":false,"attachmentsCount":0,"stepsCount":1,"hasContent":true,"attachmentStep":false},{"name":"Click submit button","time":{"start":1721040960458,"stop":1721040960501,"duration":43},"status":"passed","steps":[{"name":"Waits for the element to be clickable","time":{"start":1721040960458,"stop":1721040960478,"duration":20},"status":"passed","steps":[],"attachments":[],"parameters":[],"shouldDisplayMessage":false,"attachmentsCount":0,"stepsCount":0,"hasContent":false,"attachmentStep":false}],"attachments":[],"parameters":[],"shouldDisplayMessage":false,"attachmentsCount":0,"stepsCount":1,"hasContent":true,"attachmentStep":false},{"name":"Page https://opensource-demo.orangehrmlive.com/web/index.php/dashboard/index is opened","time":{"start":1721040960501,"stop":1721040961426,"duration":925},"status":"passed","steps":[],"attachments":[],"parameters":[],"shouldDisplayMessage":false,"attachmentsCount":0,"stepsCount":0,"hasContent":false,"attachmentStep":false},{"name":"Navigate mouse on 'PIM' ","time":{"start":1721040961426,"stop":1721040962715,"duration":1289},"status":"passed","steps":[{"name":"navigate mouse on element: ('xpath', \"//a[@href='/web/index.php/pim/viewPimModule']\")","time":{"start":1721040962449,"stop":1721040962715,"duration":266},"status":"passed","steps":[],"attachments":[],"parameters":[],"shouldDisplayMessage":false,"attachmentsCount":0,"stepsCount":0,"hasContent":false,"attachmentStep":false}],"attachments":[],"parameters":[],"shouldDisplayMessage":false,"attachmentsCount":0,"stepsCount":1,"hasContent":true,"attachmentStep":false},{"name":"Navigate mouse on 'My Info' ","time":{"start":1721040962715,"stop":1721040972776,"duration":10061},"status":"broken","statusMessage":"selenium.common.exceptions.TimeoutException: Message: Не найден элемент с локатором ('xpath', \"//span[text()='My Info']\")\n\n","statusTrace":"  File \"/usr/local/lib/python3.12/site-packages/allure_commons/_allure.py\", line 192, in impl\n    return func(*a, **kw)\n           ^^^^^^^^^^^^^^\n  File \"/usr/workspace/pages/dashboard_page.py\", line 31, in navigate_on_my_info\n    self.find_element(DashboardPageLocators.MY_INFO_SPAN)\n  File \"/usr/workspace/base/base_page.py\", line 77, in find_element\n    web_element = wait.until(EC.visibility_of_element_located(by_locator),\n                  ^^^^^^^^^^^^^^^^^^^^^^^^^^^^^^^^^^^^^^^^^^^^^^^^^^^^^^^^\n  File \"/usr/local/lib/python3.12/site-packages/selenium/webdriver/support/wait.py\", line 105, in until\n    raise TimeoutException(message, screen, stacktrace)\n","steps":[],"attachments":[],"parameters":[],"shouldDisplayMessage":true,"attachmentsCount":0,"stepsCount":0,"hasContent":true,"attachmentStep":false}],"attachments":[],"parameters":[],"shouldDisplayMessage":true,"attachmentsCount":0,"stepsCount":12,"hasContent":true,"attachmentStep":false},"afterStages":[{"name":"driver::0","time":{"start":1721040972785,"stop":1721040972842,"duration":57},"status":"passed","steps":[],"attachments":[],"parameters":[],"shouldDisplayMessage":false,"attachmentsCount":0,"stepsCount":0,"hasContent":false,"attachmentStep":false}],"labels":[{"name":"severity","value":"Low"},{"name":"feature","value":"navigate mouse on menu"},{"name":"parentSuite","value":"tests"},{"name":"suite","value":"navigate_mouse_on_menu_test"},{"name":"subSuite","value":"TestMouseNavigateOnMenu"},{"name":"host","value":"3d7b15b8e561"},{"name":"thread","value":"1-MainThread"},{"name":"framework","value":"pytest"},{"name":"language","value":"cpython3"},{"name":"package","value":"tests.navigate_mouse_on_menu_test"},{"name":"resultFormat","value":"allure2"}],"parameters":[],"links":[],"hidden":false,"retry":false,"extra":{"severity":"normal","retries":[],"categories":[{"name":"Test defects","matchedStatuses":[],"flaky":false}],"tags":[]},"source":"a33f9f221096a071.json","parameterValues":[]}